c:\systemmatic\gui\gui\x64\release\qrc_gui.obj
c:\systemmatic\gui\gui\x64\release\readfile.obj
c:\systemmatic\gui\gui\x64\release\mystringlinkedlist.obj
c:\systemmatic\gui\gui\x64\release\mystring.obj
c:\systemmatic\gui\gui\x64\release\mystack.obj
c:\systemmatic\gui\gui\x64\release\mypagelist.obj
c:\systemmatic\gui\gui\x64\release\myinterface.obj
c:\systemmatic\gui\gui\x64\release\myhashtable.obj
c:\systemmatic\gui\gui\x64\release\myavl.obj
c:\systemmatic\gui\gui\x64\release\main.obj
c:\systemmatic\gui\gui\x64\release\gui.obj
c:\systemmatic\gui\gui\x64\release\moc_gui.obj
c:\systemmatic\gui\gui\x64\release\writefile.obj
c:\systemmatic\gui\gui\x64\release\myinterface2.obj
c:\systemmatic\gui\gui\x64\release\myhtmlinfo.obj
c:\systemmatic\gui\gui\x64\release\mythread.obj
c:\systemmatic\gui\gui\generatedfiles\ui_gui.h
c:\systemmatic\gui\gui\generatedfiles\qrc_gui.cpp
c:\systemmatic\gui\gui\generatedfiles\release\moc_gui.cpp
c:\systemmatic\gui\x64\release\gui.exe
c:\systemmatic\gui\gui\x64\release\gui.tlog\cl.command.1.tlog
c:\systemmatic\gui\gui\x64\release\gui.tlog\cl.read.1.tlog
c:\systemmatic\gui\gui\x64\release\gui.tlog\cl.write.1.tlog
c:\systemmatic\gui\gui\x64\release\gui.tlog\custombuild.command.1.tlog
c:\systemmatic\gui\gui\x64\release\gui.tlog\custombuild.read.1.tlog
c:\systemmatic\gui\gui\x64\release\gui.tlog\custombuild.write.1.tlog
c:\systemmatic\gui\gui\x64\release\gui.tlog\link-cvtres.read.1.tlog
c:\systemmatic\gui\gui\x64\release\gui.tlog\link-cvtres.write.1.tlog
c:\systemmatic\gui\gui\x64\release\gui.tlog\link-rc.read.1.tlog
c:\systemmatic\gui\gui\x64\release\gui.tlog\link-rc.write.1.tlog
c:\systemmatic\gui\gui\x64\release\gui.tlog\link.command.1.tlog
c:\systemmatic\gui\gui\x64\release\gui.tlog\link.read.1.tlog
c:\systemmatic\gui\gui\x64\release\gui.tlog\link.write.1.tlog
